<?xml version="1.0" encoding="UTF-8"?>
<!-- Generated by org.testng.reporters.JUnitReportReporter -->
<testsuite hostname="MODPRO-PC" name="com.Testrunner.Testexecutionwithtestng" tests="1" failures="0" timestamp="7 Dec 2019 09:52:46 GMT" time="19.285" errors="0">
  <testcase name="overalltest" time="19.285" classname="com.Testrunner.Testexecutionwithtestng"/>
</testsuite> <!-- com.Testrunner.Testexecutionwithtestng -->
