<?xml version="1.0" encoding="UTF-8"?>
<!-- Generated by org.testng.reporters.JUnitReportReporter -->
<testsuite skipped="0" hostname="MODPRO-PC" name="com.Testrunner.Testexecutionwithtestng" tests="1" failures="0" timestamp="06 Dec 2019 09:32:28 GMT" time="31.492" errors="0">
  <testcase name="overalltest" time="31.492" classname="com.Testrunner.Testexecutionwithtestng"/>
</testsuite> <!-- com.Testrunner.Testexecutionwithtestng -->
